#
# A fatal error has been detected by the Java Runtime Environment:
#
#  EXCEPTION_ACCESS_VIOLATION (0xc0000005) at pc=0x0000000006177e0c, pid=6112, tid=3324
#
# JRE version: 7.0_03-b05
# Java VM: Java HotSpot(TM) 64-Bit Server VM (22.1-b02 mixed mode windows-amd64 compressed oops)
# Problematic frame:
# C  0x0000000006177e0c
#
# Failed to write core dump. Minidumps are not enabled by default on client versions of Windows
#
# If you would like to submit a bug report, please visit:
#   http://bugreport.sun.com/bugreport/crash.jsp
# The crash happened outside the Java Virtual Machine in native code.
# See problematic frame for where to report the bug.
#

---------------  T H R E A D  ---------------

Current thread (0x000000000205b800):  JavaThread "main" [_thread_in_native, id=3324, stack(0x0000000002270000,0x0000000002370000)]

siginfo: ExceptionCode=0xc0000005, ExceptionInformation=0x0000000000000008 0x0000000006177e0c

Registers:
RAX=0x0000000180004fc0, RBX=0x000000077b706fd0, RCX=0x0000000000000001, RDX=0x000000000236f098
RSP=0x000000000236f048, RBP=0x000000000236f0e8, RSI=0x00000000ef6e39bf, RDI=0x0000000002376038
R8 =0x0000000000000001, R9 =0x00000000020e7280, R10=0x00000000023821bc, R11=0x000000006a828940
R12=0x0000000000000000, R13=0x000000077b706fd0, R14=0x000000000236f108, R15=0x000000000205b800
RIP=0x0000000006177e0c, EFLAGS=0x0000000000010206

Top of Stack: (sp=0x000000000236f048)
0x000000000236f048:   0000000180004fd2 000000000205c700
0x000000000236f058:   000000000205b800 000000000236f0e8
0x000000000236f068:   000000000205c768 00000007fffffffe
0x000000000236f078:   00000000023821e9 000000077b71ca3f
0x000000000236f088:   000000000236f100 000000077b71dfe0
0x000000000236f098:   0000000000000000 000000000205b800
0x000000000236f0a8:   000000000236f0a8 000000077b706fd0
0x000000000236f0b8:   000000000236f108 000000077b708d40
0x000000000236f0c8:   0000000000000000 000000077b706fd0
0x000000000236f0d8:   0000000000000000 000000000236f108
0x000000000236f0e8:   000000000236f150 00000000023761b4
0x000000000236f0f8:   00000007d60c4650 000000000237f016
0x000000000236f108:   0000000000000001 000000000236f110
0x000000000236f118:   000000077b706ee1 000000000236f160
0x000000000236f128:   000000077b708d40 0000000000000000
0x000000000236f138:   000000077b706f00 000000000236f108 

Instructions: (pc=0x0000000006177e0c)
0x0000000006177dec:   
[error occurred during error reporting (printing registers, top of stack, instructions near pc), id 0xc0000005]

Register to memory mapping:

RAX=0x0000000180004fc0 is an unknown value
RBX=0x000000077b706fd0 is an oop
{method} 
 - klass: {other class}
RCX=0x0000000000000001 is an unknown value
RDX=0x000000000236f098 is pointing into the stack for thread: 0x000000000205b800
RSP=0x000000000236f048 is pointing into the stack for thread: 0x000000000205b800
RBP=0x000000000236f0e8 is pointing into the stack for thread: 0x000000000205b800
RSI=0x00000000ef6e39bf is an unknown value
RDI=0x0000000002376038 is an Interpreter codelet
return entry points  [0x0000000002375660, 0x0000000002377460]  7680 bytes
R8 =0x0000000000000001 is an unknown value
R9 =0x00000000020e7280 is an unknown value
R10=0x00000000023821bc is an Interpreter codelet
method entry point (kind = native)  [0x0000000002381f40, 0x00000000023827c0]  2176 bytes
R11=0x000000006a828940 is an unknown value
R12=0x0000000000000000 is an unknown value
R13=0x000000077b706fd0 is an oop
{method} 
 - klass: {other class}
R14=0x000000000236f108 is pointing into the stack for thread: 0x000000000205b800
R15=0x000000000205b800 is a thread


Stack: [0x0000000002270000,0x0000000002370000],  sp=0x000000000236f048,  free space=1020k
Native frames: (J=compiled Java code, j=interpreted, Vv=VM code, C=native code)
C  0x0000000006177e0c
j  org.lwjgl.openal.AL10.alGenBuffers()I+1
j  net.foxycorndog.jdooal.audio.AL.genSound(Ljava/lang/String;)I+29
j  net.foxycorndog.nostalgia.items.weapons.guns.Pistol.<init>(Lnet/foxycorndog/nostalgia/map/Map;)V+9
j  net.foxycorndog.nostalgia.Main.onCreate()V+104
j  net.foxycorndog.jdoogl.activity.GameComponent.onCreate(Ljava/lang/String;II)V+21
j  net.foxycorndog.jdoogl.activity.GameComponent.<init>(Ljava/lang/String;II)V+8
j  net.foxycorndog.nostalgia.Main.<init>()V+9
j  net.foxycorndog.nostalgia.Main.main([Ljava/lang/String;)V+4
v  ~StubRoutines::call_stub

Java frames: (J=compiled Java code, j=interpreted, Vv=VM code)
j  org.lwjgl.openal.AL10.nalGenBuffers2(I)I+0
j  org.lwjgl.openal.AL10.alGenBuffers()I+1
j  net.foxycorndog.jdooal.audio.AL.genSound(Ljava/lang/String;)I+29
j  net.foxycorndog.nostalgia.items.weapons.guns.Pistol.<init>(Lnet/foxycorndog/nostalgia/map/Map;)V+9
j  net.foxycorndog.nostalgia.Main.onCreate()V+104
j  net.foxycorndog.jdoogl.activity.GameComponent.onCreate(Ljava/lang/String;II)V+21
j  net.foxycorndog.jdoogl.activity.GameComponent.<init>(Ljava/lang/String;II)V+8
j  net.foxycorndog.nostalgia.Main.<init>()V+9
j  net.foxycorndog.nostalgia.Main.main([Ljava/lang/String;)V+4
v  ~StubRoutines::call_stub

---------------  P R O C E S S  ---------------

Java Threads: ( => current thread )
  0x00000000077f1800 JavaThread "AWT-Windows" daemon [_thread_in_native, id=2740, stack(0x000000000b3c0000,0x000000000b4c0000)]
  0x00000000077f1000 JavaThread "AWT-Shutdown" [_thread_blocked, id=5300, stack(0x000000000b5a0000,0x000000000b6a0000)]
  0x0000000007705800 JavaThread "Java2D Disposer" daemon [_thread_blocked, id=2384, stack(0x000000000ac10000,0x000000000ad10000)]
  0x0000000006323000 JavaThread "Service Thread" daemon [_thread_blocked, id=4428, stack(0x0000000007280000,0x0000000007380000)]
  0x0000000006319000 JavaThread "C2 CompilerThread1" daemon [_thread_blocked, id=6068, stack(0x0000000006d60000,0x0000000006e60000)]
  0x0000000006314800 JavaThread "C2 CompilerThread0" daemon [_thread_in_native, id=5524, stack(0x0000000006fd0000,0x00000000070d0000)]
  0x0000000006311800 JavaThread "Attach Listener" daemon [_thread_blocked, id=3212, stack(0x0000000006ec0000,0x0000000006fc0000)]
  0x000000000630c800 JavaThread "Signal Dispatcher" daemon [_thread_blocked, id=2764, stack(0x0000000006c20000,0x0000000006d20000)]
  0x0000000002157800 JavaThread "Finalizer" daemon [_thread_blocked, id=1248, stack(0x0000000006770000,0x0000000006870000)]
  0x0000000002150800 JavaThread "Reference Handler" daemon [_thread_blocked, id=2612, stack(0x0000000006a50000,0x0000000006b50000)]
=>0x000000000205b800 JavaThread "main" [_thread_in_native, id=3324, stack(0x0000000002270000,0x0000000002370000)]

Other Threads:
  0x0000000002149000 VMThread [stack: 0x00000000068e0000,0x00000000069e0000] [id=5860]
  0x000000000632d800 WatcherThread [stack: 0x0000000007480000,0x0000000007580000] [id=5960]

VM state:not at safepoint (normal execution)

VM Mutex/Monitor currently owned by a thread: None

Heap
 PSYoungGen      total 38208K, used 15631K [0x00000007d5560000, 0x00000007da000000, 0x0000000800000000)
  eden space 32768K, 38% used [0x00000007d5560000,0x00000007d61a4450,0x00000007d7560000)
  from space 5440K, 56% used [0x00000007d7560000,0x00000007d785fae8,0x00000007d7ab0000)
  to   space 5440K, 0% used [0x00000007d9ab0000,0x00000007d9ab0000,0x00000007da000000)
 PSOldGen        total 87424K, used 0K [0x0000000780000000, 0x0000000785560000, 0x00000007d5560000)
  object space 87424K, 0% used [0x0000000780000000,0x0000000780000000,0x0000000785560000)
 PSPermGen       total 21248K, used 9568K [0x000000077ae00000, 0x000000077c2c0000, 0x0000000780000000)
  object space 21248K, 45% used [0x000000077ae00000,0x000000077b7583f8,0x000000077c2c0000)

Code Cache  [0x0000000002370000, 0x00000000025e0000, 0x0000000005370000)
 total_blobs=643 nmethods=121 adapters=474 free_code_cache=48376Kb largest_free_block=49517440

Dynamic libraries:
0x000000013f6e0000 - 0x000000013f713000 	C:\Program Files\Java\jdk1.7.0_03\bin\javaw.exe
0x0000000077b60000 - 0x0000000077d09000 	C:\Windows\SYSTEM32\ntdll.dll
0x00000000776d0000 - 0x00000000777ef000 	C:\Windows\system32\kernel32.dll
0x000007fefd740000 - 0x000007fefd7ac000 	C:\Windows\system32\KERNELBASE.dll
0x000007fefde90000 - 0x000007fefdf6b000 	C:\Windows\system32\ADVAPI32.dll
0x000007feff150000 - 0x000007feff1ef000 	C:\Windows\system32\msvcrt.dll
0x000007feff130000 - 0x000007feff14f000 	C:\Windows\SYSTEM32\sechost.dll
0x000007fefd970000 - 0x000007fefda9d000 	C:\Windows\system32\RPCRT4.dll
0x00000000775d0000 - 0x00000000776ca000 	C:\Windows\system32\USER32.dll
0x000007feff1f0000 - 0x000007feff257000 	C:\Windows\system32\GDI32.dll
0x000007fefe2f0000 - 0x000007fefe2fe000 	C:\Windows\system32\LPK.dll
0x000007fefd7d0000 - 0x000007fefd899000 	C:\Windows\system32\USP10.dll
0x000007fefbe00000 - 0x000007fefbff4000 	C:\Windows\WinSxS\amd64_microsoft.windows.common-controls_6595b64144ccf1df_6.0.7601.17514_none_fa396087175ac9ac\COMCTL32.dll
0x000007fefdaa0000 - 0x000007fefdb11000 	C:\Windows\system32\SHLWAPI.dll
0x000007fefd8a0000 - 0x000007fefd8ce000 	C:\Windows\system32\IMM32.DLL
0x000007fefdf70000 - 0x000007fefe079000 	C:\Windows\system32\MSCTF.dll
0x0000000064cd0000 - 0x0000000064da1000 	C:\Program Files\Java\jdk1.7.0_03\jre\bin\msvcr100.dll
0x000000006a670000 - 0x000000006ad4a000 	C:\Program Files\Java\jdk1.7.0_03\jre\bin\server\jvm.dll
0x000007fef3f50000 - 0x000007fef3f59000 	C:\Windows\system32\WSOCK32.dll
0x000007feff260000 - 0x000007feff2ad000 	C:\Windows\system32\WS2_32.dll
0x000007fefe280000 - 0x000007fefe288000 	C:\Windows\system32\NSI.dll
0x000007fefb0e0000 - 0x000007fefb11b000 	C:\Windows\system32\WINMM.dll
0x0000000077d30000 - 0x0000000077d37000 	C:\Windows\system32\PSAPI.DLL
0x0000000074650000 - 0x000000007465f000 	C:\Program Files\Java\jdk1.7.0_03\jre\bin\verify.dll
0x0000000074620000 - 0x0000000074648000 	C:\Program Files\Java\jdk1.7.0_03\jre\bin\java.dll
0x0000000074600000 - 0x0000000074615000 	C:\Program Files\Java\jdk1.7.0_03\jre\bin\zip.dll
0x0000000064b30000 - 0x0000000064cc4000 	C:\Program Files\Java\jdk1.7.0_03\jre\bin\awt.dll
0x000007fefddb0000 - 0x000007fefde87000 	C:\Windows\system32\OLEAUT32.dll
0x000007fefdb20000 - 0x000007fefdd23000 	C:\Windows\system32\ole32.dll
0x0000000180000000 - 0x000000018004f000 	C:\Users\Braden Steffaniak\Documents\GitHub\Workspace\jDoogl\bin\natives\lwjgl64.dll
0x000007fef5980000 - 0x000007fef5a9d000 	C:\Windows\system32\OPENGL32.dll
0x000007fef6050000 - 0x000007fef607d000 	C:\Windows\system32\GLU32.dll
0x000007fef5f50000 - 0x000007fef6041000 	C:\Windows\system32\DDRAW.dll
0x000007fef67b0000 - 0x000007fef67b8000 	C:\Windows\system32\DCIMAN32.dll
0x000007fefe080000 - 0x000007fefe257000 	C:\Windows\system32\SETUPAPI.dll
0x000007fefd4b0000 - 0x000007fefd4e6000 	C:\Windows\system32\CFGMGR32.dll
0x000007fefd7b0000 - 0x000007fefd7ca000 	C:\Windows\system32\DEVOBJ.dll
0x000007fefb690000 - 0x000007fefb6a8000 	C:\Windows\system32\dwmapi.dll
0x000007fefc4f0000 - 0x000007fefc4fc000 	C:\Windows\system32\VERSION.dll
0x000007fefba90000 - 0x000007fefbae6000 	C:\Windows\system32\uxtheme.dll
0x000000005e890000 - 0x00000000601e1000 	C:\Windows\system32\nvoglv64.DLL
0x000007fefe3a0000 - 0x000007feff128000 	C:\Windows\system32\SHELL32.dll
0x000007fefd590000 - 0x000007fefd5c9000 	C:\Windows\system32\WINTRUST.dll
0x000007fefd5d0000 - 0x000007fefd73a000 	C:\Windows\system32\CRYPT32.dll
0x000007fefd4a0000 - 0x000007fefd4af000 	C:\Windows\system32\MSASN1.dll
0x000007fefc4c0000 - 0x000007fefc4ed000 	C:\Windows\system32\ntmarta.dll
0x000007fefe290000 - 0x000007fefe2e2000 	C:\Windows\system32\WLDAP32.dll
0x000007fefd330000 - 0x000007fefd33f000 	C:\Windows\system32\CRYPTBASE.dll
0x000007fefa8a0000 - 0x000007fefa93c000 	C:\Windows\system32\mscms.dll
0x000007fefc700000 - 0x000007fefc71e000 	C:\Windows\system32\USERENV.dll
0x000007fefd400000 - 0x000007fefd40f000 	C:\Windows\system32\profapi.dll
0x000007fef5f00000 - 0x000007fef5f42000 	C:\Windows\system32\icm32.dll
0x000007fefccf0000 - 0x000007fefcd07000 	C:\Windows\system32\CRYPTSP.dll
0x000007fefc9f0000 - 0x000007fefca37000 	C:\Windows\system32\rsaenh.dll
0x00000000745e0000 - 0x00000000745f9000 	C:\Program Files\Java\jdk1.7.0_03\jre\bin\net.dll
0x000007fefcc90000 - 0x000007fefcce5000 	C:\Windows\system32\mswsock.dll
0x000007fefcc80000 - 0x000007fefcc87000 	C:\Windows\System32\wship6.dll
0x000007fefafb0000 - 0x000007fefafc5000 	C:\Windows\system32\NLAapi.dll
0x000007fef8e60000 - 0x000007fef8e75000 	C:\Windows\system32\napinsp.dll
0x000007fef8e40000 - 0x000007fef8e59000 	C:\Windows\system32\pnrpnsp.dll
0x000007fefcb10000 - 0x000007fefcb6b000 	C:\Windows\system32\DNSAPI.dll
0x000007fef8e30000 - 0x000007fef8e3b000 	C:\Windows\System32\winrnr.dll
0x0000000072f40000 - 0x0000000072f75000 	C:\Program Files\Bonjour\mdnsNSP.dll
0x000007fefa4e0000 - 0x000007fefa507000 	C:\Windows\system32\Iphlpapi.DLL
0x000007fefa0c0000 - 0x000007fefa0cb000 	C:\Windows\system32\WINNSI.DLL
0x000007fef8df0000 - 0x000007fef8e1f000 	C:\Program Files\Common Files\Microsoft Shared\Windows Live\WLIDNSP.DLL
0x000007fefc5c0000 - 0x000007fefc5c7000 	C:\Windows\System32\wshtcpip.dll
0x000007fef9100000 - 0x000007fef9108000 	C:\Windows\system32\rasadhlp.dll
0x000007fef9f70000 - 0x000007fef9fc3000 	C:\Windows\System32\fwpuclnt.dll
0x00000000745c0000 - 0x00000000745d1000 	C:\Program Files\Java\jdk1.7.0_03\jre\bin\nio.dll
0x0000000068e60000 - 0x0000000068e94000 	C:\Program Files\Java\jdk1.7.0_03\jre\bin\fontmanager.dll
0x000007feecc90000 - 0x000007feece8f000 	C:\Windows\system32\d3d9.dll
0x000007fef9540000 - 0x000007fef9547000 	C:\Windows\system32\d3d8thk.dll
0x000007feebb10000 - 0x000007feecc90000 	C:\Windows\system32\nvd3dumx.dll
0x000007fefbbd0000 - 0x000007fefbbfc000 	C:\Windows\system32\powrprof.dll
0x000000000c250000 - 0x000000000c366000 	C:\Program Files (x86)\NVIDIA Corporation\3D Vision\nvSCPAPI64.dll
0x000007fef6f70000 - 0x000007fef7017000 	C:\Windows\system32\dxgi.dll
0x0000000066d80000 - 0x0000000066dc1000 	C:\Program Files\Java\jdk1.7.0_03\jre\bin\t2k.dll
0x0000000068eb0000 - 0x0000000068eda000 	C:\Program Files\Java\jdk1.7.0_03\jre\bin\dcpr.dll
0x0000000064b00000 - 0x0000000064b30000 	C:\Program Files\Java\jdk1.7.0_03\jre\bin\jpeg.dll
0x000007fefd8d0000 - 0x000007fefd969000 	C:\Windows\system32\CLBCatQ.DLL
0x000007fefbb80000 - 0x000007fefbbcb000 	C:\Windows\System32\MMDevApi.dll
0x000007fefbcb0000 - 0x000007fefbddc000 	C:\Windows\System32\PROPSYS.dll
0x000007fef5680000 - 0x000007fef5708000 	C:\Windows\system32\dsound.dll

VM Arguments:
jvm_args: -Dfile.encoding=Cp1252 
java_command: net.foxycorndog.nostalgia.Main
Launcher Type: SUN_STANDARD

Environment Variables:
CLASSPATH=C:\Program Files\Java\jre7\bin
PATH=C:/Program Files/Java/jdk1.7.0_03/bin/../jre/bin/server;C:/Program Files/Java/jdk1.7.0_03/bin/../jre/bin;C:/Program Files/Java/jdk1.7.0_03/bin/../jre/lib/amd64;C:\Program Files\Common Files\Microsoft Shared\Windows Live;C:\Program Files (x86)\Common Files\Microsoft Shared\Windows Live;c:\MinGW\msys\1.0;c:\MinGW\mysys\1.0\bin;c:\MinGW\bin;c:\MinGW\msys\1.0;c:\MinGW\msys\1.0\bin;C:\Program Files\Java\jre7\bin;C:\Program Files (x86)\CMake 2.8\bin;C:\Program Files (x86)\Windows Live\Shared;c:\MinGW\msys\1.0;c:\MinGW\mysys\1.0\bin;c:\MinGW\bin;c:\MinGW\msys\1.0;c:\MinGW\msys\1.0\bin;C:\Program Files\Java\jre7\bin;C:\Windows;C:\Windows\system32;C:\Users\Braden Steffaniak\Eclipse\eclipse;
USERNAME=Braden Steffaniak
OS=Windows_NT
PROCESSOR_IDENTIFIER=AMD64 Family 16 Model 4 Stepping 3, AuthenticAMD



---------------  S Y S T E M  ---------------

OS: Windows 7 , 64 bit Build 7601 Service Pack 1

CPU:total 4 (4 cores per cpu, 1 threads per core) family 16 model 4 stepping 3, cmov, cx8, fxsr, mmx, sse, sse2, sse3, popcnt, mmxext, 3dnowpref, lzcnt, sse4a

Memory: 4k page, physical 8387896k(5185308k free), swap 16773940k(12746052k free)

vm_info: Java HotSpot(TM) 64-Bit Server VM (22.1-b02) for windows-amd64 JRE (1.7.0_03-b05), built on Feb  3 2012 20:43:56 by "java_re" with unknown MS VC++:1600

time: Sun Nov 25 01:50:57 2012
elapsed time: 1 seconds

