#
# A fatal error has been detected by the Java Runtime Environment:
#
#  EXCEPTION_ACCESS_VIOLATION (0xc0000005) at pc=0x6924acf7, pid=1716, tid=4060
#
# JRE version: 6.0_21-b07
# Java VM: Java HotSpot(TM) Client VM (17.0-b17 mixed mode, sharing windows-x86 )
# Problematic frame:
# C  [atioglxx.dll+0x22acf7]
#
# If you would like to submit a bug report, please visit:
#   http://java.sun.com/webapps/bugreport/crash.jsp
# The crash happened outside the Java Virtual Machine in native code.
# See problematic frame for where to report the bug.
#

---------------  T H R E A D  ---------------

Current thread (0x003a6800):  JavaThread "main" [_thread_in_native, id=4060, stack(0x008c0000,0x00910000)]

siginfo: ExceptionCode=0xc0000005, reading address 0x06e7eaa0

Registers:
EAX=0x04adb0dc, EBX=0x0000000c, ECX=0x06e7eaa0, EDX=0x04adb0e8
ESP=0x0090f74c, EBP=0x00800001, ESI=0x69a82a00, EDI=0x04adb0dc
EIP=0x6924acf7, EFLAGS=0x00010283

Top of Stack: (sp=0x0090f74c)
0x0090f74c:   0000b6dc 69a82e6c 0000000c 69a83d80
0x0090f75c:   6921037d 00000000 00000001 0000000c
0x0090f76c:   69a83d80 00003a38 0090f7b4 00000001
0x0090f77c:   691ceb92 00003a38 00000001 0090f7ac
0x0090f78c:   00000001 00000000 00000004 00003a38
0x0090f79c:   00000004 00003a38 00000001 00000000
0x0090f7ac:   00001e7a 00000000 0090f858 69311cbd
0x0090f7bc:   00000004 00003a38 00003a38 00001403 

Instructions: (pc=0x6924acf7)
0x6924ace7:   1c 83 c1 20 3b da 72 c1 3b c2 8b 5c 24 1c 73 0e
0x6924acf7:   8b 29 89 28 83 c0 04 83 c1 04 3b c2 72 f2 8b 54 


Stack: [0x008c0000,0x00910000],  sp=0x0090f74c,  free space=13d0090f280k
Native frames: (J=compiled Java code, j=interpreted, Vv=VM code, C=native code)
C  [atioglxx.dll+0x22acf7]

Java frames: (J=compiled Java code, j=interpreted, Vv=VM code)
j  org.lwjgl.opengl.GL12.nglDrawRangeElements(IIIIIJJ)V+0
j  org.lwjgl.opengl.GL12.glDrawRangeElements(IIILjava/nio/ShortBuffer;)V+42
J  net.foxycorndog.jdoogl.GL.renderBuffers(Lnet/foxycorndog/jdoutil/VerticesBuffer;Lnet/foxycorndog/jdoutil/LightBuffer;Lnet/foxycorndog/jdoutil/Buffer;Lnet/foxycorndog/jdoutil/LightBuffer;Lnet/foxycorndog/jdoogl/image/imagemap/Texture;IIILnet/foxycorndog/jdoutil/Task;)V
j  net.foxycorndog.jdoogl.GL.renderTriangles(Lnet/foxycorndog/jdoutil/VerticesBuffer;Lnet/foxycorndog/jdoutil/LightBuffer;Lnet/foxycorndog/jdoutil/Buffer;Lnet/foxycorndog/jdoutil/LightBuffer;Lnet/foxycorndog/jdoogl/image/imagemap/Texture;IILnet/foxycorndog/jdoutil/Task;)V+13
j  net.foxycorndog.nostalgia.map.Map.render()V+37
j  net.foxycorndog.nostalgia.Main.render()V+18
j  net.foxycorndog.nostalgia.Main$1.render()V+3
j  net.foxycorndog.jdoogl.components.Frame$1.run()V+99
j  net.foxycorndog.jdoutil.FrameLoop.start(ILnet/foxycorndog/jdoutil/FrameTask;)V+19
j  net.foxycorndog.jdoogl.components.Frame.startLoop(I)V+26
j  net.foxycorndog.nostalgia.Main.main([Ljava/lang/String;)V+28
v  ~StubRoutines::call_stub

---------------  P R O C E S S  ---------------

Java Threads: ( => current thread )
  0x06f1e400 JavaThread "Thread-4" daemon [_thread_blocked, id=1876, stack(0x07260000,0x072b0000)]
  0x0309f400 JavaThread "AWT-Windows" daemon [_thread_in_native, id=1668, stack(0x07080000,0x070d0000)]
  0x02edb800 JavaThread "Java2D Disposer" daemon [_thread_blocked, id=4004, stack(0x06fe0000,0x07030000)]
  0x02b12000 JavaThread "Low Memory Detector" daemon [_thread_blocked, id=884, stack(0x02dc0000,0x02e10000)]
  0x02b06800 JavaThread "CompilerThread0" daemon [_thread_blocked, id=3360, stack(0x02d70000,0x02dc0000)]
  0x02b05000 JavaThread "Attach Listener" daemon [_thread_blocked, id=2388, stack(0x02d20000,0x02d70000)]
  0x02b03c00 JavaThread "Signal Dispatcher" daemon [_thread_blocked, id=2896, stack(0x02cd0000,0x02d20000)]
  0x02b00000 JavaThread "Finalizer" daemon [_thread_blocked, id=2648, stack(0x02c80000,0x02cd0000)]
  0x02afb400 JavaThread "Reference Handler" daemon [_thread_blocked, id=3956, stack(0x02c30000,0x02c80000)]
=>0x003a6800 JavaThread "main" [_thread_in_native, id=4060, stack(0x008c0000,0x00910000)]

Other Threads:
  0x02af9c00 VMThread [stack: 0x02be0000,0x02c30000] [id=1324]
  0x02b14000 WatcherThread [stack: 0x02e10000,0x02e60000] [id=2604]

VM state:not at safepoint (normal execution)

VM Mutex/Monitor currently owned by a thread: None

Heap
 def new generation   total 4928K, used 1470K [0x22990000, 0x22ee0000, 0x27ee0000)
  eden space 4416K,  26% used [0x22990000, 0x22ab9908, 0x22de0000)
  from space 512K,  54% used [0x22e60000, 0x22ea61a8, 0x22ee0000)
  to   space 512K,   0% used [0x22de0000, 0x22de0000, 0x22e60000)
 tenured generation   total 10944K, used 1023K [0x27ee0000, 0x28990000, 0x32990000)
   the space 10944K,   9% used [0x27ee0000, 0x27fdff38, 0x27fe0000, 0x28990000)
 compacting perm gen  total 12288K, used 1950K [0x32990000, 0x33590000, 0x36990000)
   the space 12288K,  15% used [0x32990000, 0x32b77820, 0x32b77a00, 0x33590000)
    ro space 10240K,  51% used [0x36990000, 0x36ebb700, 0x36ebb800, 0x37390000)
    rw space 12288K,  54% used [0x37390000, 0x37a276c0, 0x37a27800, 0x37f90000)

Dynamic libraries:
0x00400000 - 0x00424000 	C:\Program Files\Java\jre6\bin\javaw.exe
0x7c900000 - 0x7c9b2000 	C:\WINDOWS\system32\ntdll.dll
0x7c800000 - 0x7c8f6000 	C:\WINDOWS\system32\kernel32.dll
0x77dd0000 - 0x77e6b000 	C:\WINDOWS\system32\ADVAPI32.dll
0x77e70000 - 0x77f03000 	C:\WINDOWS\system32\RPCRT4.dll
0x77fe0000 - 0x77ff1000 	C:\WINDOWS\system32\Secur32.dll
0x7e410000 - 0x7e4a1000 	C:\WINDOWS\system32\USER32.dll
0x77f10000 - 0x77f59000 	C:\WINDOWS\system32\GDI32.dll
0x76390000 - 0x763ad000 	C:\WINDOWS\system32\IMM32.DLL
0x7c340000 - 0x7c396000 	C:\Program Files\Java\jre6\bin\msvcr71.dll
0x6d800000 - 0x6daa7000 	C:\Program Files\Java\jre6\bin\client\jvm.dll
0x76b40000 - 0x76b6d000 	C:\WINDOWS\system32\WINMM.dll
0x6d7b0000 - 0x6d7bc000 	C:\Program Files\Java\jre6\bin\verify.dll
0x6d330000 - 0x6d34f000 	C:\Program Files\Java\jre6\bin\java.dll
0x6d290000 - 0x6d298000 	C:\Program Files\Java\jre6\bin\hpi.dll
0x76bf0000 - 0x76bfb000 	C:\WINDOWS\system32\PSAPI.DLL
0x6d7f0000 - 0x6d7ff000 	C:\Program Files\Java\jre6\bin\zip.dll
0x6d000000 - 0x6d14a000 	C:\Program Files\Java\jre6\bin\awt.dll
0x73000000 - 0x73026000 	C:\WINDOWS\system32\WINSPOOL.DRV
0x77c10000 - 0x77c68000 	C:\WINDOWS\system32\msvcrt.dll
0x774e0000 - 0x7761e000 	C:\WINDOWS\system32\ole32.dll
0x773d0000 - 0x774d3000 	C:\WINDOWS\WinSxS\x86_Microsoft.Windows.Common-Controls_6595b64144ccf1df_6.0.2600.6028_x-ww_61e65202\COMCTL32.dll
0x77f60000 - 0x77fd6000 	C:\WINDOWS\system32\SHLWAPI.dll
0x10000000 - 0x1004b000 	H:\GitHub\Workspace\jDoogl\bin\natives\lwjgl.dll
0x5ed00000 - 0x5edcc000 	C:\WINDOWS\system32\OPENGL32.dll
0x68b20000 - 0x68b40000 	C:\WINDOWS\system32\GLU32.dll
0x73760000 - 0x737ab000 	C:\WINDOWS\system32\DDRAW.dll
0x73bc0000 - 0x73bc6000 	C:\WINDOWS\system32\DCIMAN32.dll
0x77c00000 - 0x77c08000 	C:\WINDOWS\system32\VERSION.dll
0x74720000 - 0x7476c000 	C:\WINDOWS\system32\MSCTF.dll
0x755c0000 - 0x755ee000 	C:\WINDOWS\system32\msctfime.ime
0x69020000 - 0x69b54000 	C:\WINDOWS\system32\atioglxx.dll
0x71ab0000 - 0x71ac7000 	C:\WINDOWS\system32\WS2_32.dll
0x71aa0000 - 0x71aa8000 	C:\WINDOWS\system32\WS2HELP.dll
0x73b30000 - 0x73b45000 	C:\WINDOWS\system32\mscms.dll
0x66e90000 - 0x66ed1000 	C:\WINDOWS\system32\icm32.dll
0x6d230000 - 0x6d284000 	C:\Program Files\Java\jre6\bin\fontmanager.dll
0x4fdd0000 - 0x4ff76000 	C:\WINDOWS\system32\d3d9.dll
0x070d0000 - 0x070d6000 	C:\WINDOWS\system32\d3d8thk.dll
0x68000000 - 0x68036000 	C:\WINDOWS\system32\rsaenh.dll
0x769c0000 - 0x76a74000 	C:\WINDOWS\system32\USERENV.dll
0x5b860000 - 0x5b8b5000 	C:\WINDOWS\system32\netapi32.dll
0x6d610000 - 0x6d623000 	C:\Program Files\Java\jre6\bin\net.dll
0x71a50000 - 0x71a8f000 	C:\WINDOWS\System32\mswsock.dll
0x76f20000 - 0x76f47000 	C:\WINDOWS\system32\DNSAPI.dll
0x76d60000 - 0x76d79000 	C:\WINDOWS\system32\iphlpapi.dll
0x76fb0000 - 0x76fb8000 	C:\WINDOWS\System32\winrnr.dll
0x76f60000 - 0x76f8c000 	C:\WINDOWS\system32\WLDAP32.dll
0x76fc0000 - 0x76fc6000 	C:\WINDOWS\system32\rasadhlp.dll
0x6d630000 - 0x6d639000 	C:\Program Files\Java\jre6\bin\nio.dll
0x6d1a0000 - 0x6d1c3000 	C:\Program Files\Java\jre6\bin\dcpr.dll
0x605d0000 - 0x605d9000 	C:\WINDOWS\system32\mslbui.dll
0x77120000 - 0x771ab000 	C:\WINDOWS\system32\OLEAUT32.DLL

VM Arguments:
jvm_args: -Dfile.encoding=Cp1252 
java_command: net.foxycorndog.nostalgia.Main
Launcher Type: SUN_STANDARD

Environment Variables:
PATH=C:/Program Files/Java/jre6/bin/client;C:/Program Files/Java/jre6/bin;C:/Program Files/Java/jre6/lib/i386;C:\WINDOWS\system32;C:\WINDOWS;C:\WINDOWS\System32\Wbem;C:\Program Files\ATI Technologies\ATI.ACE\Core-Static;C:\Program Files\Java\jdk1.6.0\bin;H:\Eclipse\eclipse;
USERNAME=bmsteffaniak
OS=Windows_NT
PROCESSOR_IDENTIFIER=x86 Family 6 Model 23 Stepping 10, GenuineIntel



---------------  S Y S T E M  ---------------

OS: Windows XP Build 2600 Service Pack 3

CPU:total 2 (2 cores per cpu, 1 threads per core) family 6 model 23 stepping 10, cmov, cx8, fxsr, mmx, sse, sse2, sse3, ssse3, sse4.1

Memory: 4k page, physical 3405352k(2073432k free), swap 5333476k(4079972k free)

vm_info: Java HotSpot(TM) Client VM (17.0-b17) for windows-x86 JRE (1.6.0_21-b07), built on Jul 17 2010 01:10:15 by "java_re" with MS VC++ 7.1 (VS2003)

time: Tue Oct 23 10:04:46 2012
elapsed time: 5 seconds

